<?xml version="1.0" encoding="UTF-8"?>
<testsuite name="models.SquadTest" tests="1" skipped="0" failures="0" errors="0" timestamp="2020-11-25T12:17:29" hostname="wecode-VivoBook-15-ASUS-Laptop-X540UAR" time="0.001">
  <properties/>
  <testcase name="Hero_addsHeroToSquad_Hero" classname="models.SquadTest" time="0.001"/>
  <system-out><![CDATA[]]></system-out>
  <system-err><![CDATA[]]></system-err>
</testsuite>
