<?xml version="1.0" encoding="UTF-8"?>
<testsuite name="HeroTest" tests="1" skipped="0" failures="0" errors="0" timestamp="2020-11-22T21:41:07" hostname="wecode-VivoBook-15-ASUS-Laptop-X540UAR" time="0.002">
  <properties/>
  <testcase name="getId_HeroObject_int" classname="HeroTest" time="0.002"/>
  <system-out><![CDATA[]]></system-out>
  <system-err><![CDATA[]]></system-err>
</testsuite>
