<?xml version="1.0" encoding="UTF-8"?>
<testsuite name="SquadTest" tests="4" skipped="0" failures="0" errors="0" timestamp="2020-11-23T07:39:59" hostname="wecode-VivoBook-15-ASUS-Laptop-X540UAR" time="0.002">
  <properties/>
  <testcase name="getCause_SquadObject_String" classname="SquadTest" time="0.001"/>
  <testcase name="getName_SquadObject_String" classname="SquadTest" time="0.0"/>
  <testcase name="NewSquadObjectGetsCorrectlyCreated_true" classname="SquadTest" time="0.0"/>
  <testcase name="getSize_SquadObject_int" classname="SquadTest" time="0.0"/>
  <system-out><![CDATA[]]></system-out>
  <system-err><![CDATA[]]></system-err>
</testsuite>
