<?xml version="1.0" encoding="UTF-8"?>
<testsuite name="models.HeroTest" tests="6" skipped="0" failures="0" errors="0" timestamp="2020-11-25T11:16:04" hostname="wecode-VivoBook-15-ASUS-Laptop-X540UAR" time="0.004">
  <properties/>
  <testcase name="Hero_getWeakness_String" classname="models.HeroTest" time="0.002"/>
  <testcase name="Hero_instantiatesCorrectly" classname="models.HeroTest" time="0.0"/>
  <testcase name="newHero_getAllHeroes_true" classname="models.HeroTest" time="0.0"/>
  <testcase name="Hero_getAge_Int" classname="models.HeroTest" time="0.0"/>
  <testcase name="Hero_getName_String" classname="models.HeroTest" time="0.001"/>
  <testcase name="Hero_getPower_String" classname="models.HeroTest" time="0.0"/>
  <system-out><![CDATA[]]></system-out>
  <system-err><![CDATA[]]></system-err>
</testsuite>
