<?xml version="1.0" encoding="UTF-8"?>
<testsuite name="HeroTest" tests="5" skipped="0" failures="0" errors="0" timestamp="2020-11-22T21:30:56" hostname="wecode-VivoBook-15-ASUS-Laptop-X540UAR" time="0.002">
  <properties/>
  <testcase name="getName_HeroObject_String" classname="HeroTest" time="0.001"/>
  <testcase name="NewHeroObjectGetsCorrectlyCreated_true" classname="HeroTest" time="0.0"/>
  <testcase name="getWeakness_HeroObject_String" classname="HeroTest" time="0.0"/>
  <testcase name="getAge_HeroObject_String" classname="HeroTest" time="0.0"/>
  <testcase name="getPower_HeroObject_String" classname="HeroTest" time="0.0"/>
  <system-out><![CDATA[]]></system-out>
  <system-err><![CDATA[]]></system-err>
</testsuite>
