<?xml version="1.0" encoding="UTF-8"?>
<testsuite name="models.SquadTest" tests="8" skipped="0" failures="0" errors="0" timestamp="2020-11-25T12:10:30" hostname="wecode-VivoBook-15-ASUS-Laptop-X540UAR" time="0.004">
  <properties/>
  <testcase name="Squad_getSquadHero_Array" classname="models.SquadTest" time="0.001"/>
  <testcase name="Hero_addsHeroToSquad_Hero" classname="models.SquadTest" time="0.0"/>
  <testcase name="Squad_instantiatesCorrectly" classname="models.SquadTest" time="0.0"/>
  <testcase name="Squad_getSize_Int" classname="models.SquadTest" time="0.0"/>
  <testcase name="Squad_allSquadHero_Array" classname="models.SquadTest" time="0.001"/>
  <testcase name="Squad_getCause_String" classname="models.SquadTest" time="0.0"/>
  <testcase name="Squad_getInstances_true" classname="models.SquadTest" time="0.0"/>
  <testcase name="Squad_getName_String" classname="models.SquadTest" time="0.001"/>
  <system-out><![CDATA[]]></system-out>
  <system-err><![CDATA[]]></system-err>
</testsuite>
